<?xml version="1.0" encoding="UTF-8"?>
<!-- Generated by org.testng.reporters.JUnitXMLReporter -->
<testsuite ignored="0" hostname="USPUNAWANGA15" failures="1" tests="1" name="Default test" time="15.348" errors="0" timestamp="2024-10-24T19:41:52 IST">
  <testcase classname="io.cucumber.testng.AbstractTestNGCucumberTests" name="runScenario" time="8.313">
    <failure type="java.lang.AssertionError" message="null">
      <![CDATA[java.lang.AssertionError: null
at org.testng.Assert.fail(Assert.java:111)
at org.testng.Assert.fail(Assert.java:116)
at com.test.stepdef.Test.iEnterUserIDAndPassword(Test.java:59)
at ✽.I enter userID and password(file:///C:/Users/awangate/git/BDDCucumberFramework/src/test/resources/features/test.feature:20)
]]>
    </failure>
  </testcase> <!-- runScenario -->
</testsuite> <!-- Default test -->
