<?xml version="1.0" encoding="UTF-8"?>
<!-- Generated by org.testng.reporters.JUnitXMLReporter -->
<testsuite ignored="0" hostname="USMUMAWANGA11" failures="1" tests="1" name="Test" time="42.063" errors="0" timestamp="2024-04-19T18:10:48 IST">
  <testcase classname="io.cucumber.testng.AbstractTestNGCucumberTests" name="runScenario" time="28.045">
    <failure type="java.lang.AssertionError" message="
expected: &amp;quot;Product&amp;quot;
 but was: &amp;quot;Products&amp;quot;">
      <![CDATA[java.lang.AssertionError: 
expected: "Product"
 but was: "Products"
at com.test.stepdef.Test.i_m_logged_in(Test.java:47)
at ✽.I'm logged in(file:///C:/Users/awangate/eclipse-workspace/BDDCucumbeFramework/src/test/resources/features/test.feature:24)
]]>
    </failure>
  </testcase> <!-- runScenario -->
</testsuite> <!-- Test -->
