<?xml version="1.0" encoding="UTF-8"?>
<testng-results ignored="0" total="1" passed="1" failed="0" skipped="0">
  <reporter-output>
  </reporter-output>
  <suite started-at="2024-04-06T17:09:41 IST" name="Suite" finished-at="2024-04-06T17:10:04 IST" duration-ms="22924">
    <groups>
      <group name="cucumber">
        <method signature="AbstractTestNGCucumberTests.runScenario(io.cucumber.testng.PickleWrapper,io.cucumber.testng.FeatureWrapper)[pri:0, instance:com.test.testrunner.TestNGRunnerTest@2cb4893b]" name="runScenario" class="io.cucumber.testng.AbstractTestNGCucumberTests"/>
      </group> <!-- cucumber -->
    </groups>
    <test started-at="2024-04-06T17:09:41 IST" name="Test" finished-at="2024-04-06T17:10:04 IST" duration-ms="22924">
      <class name="com.test.testrunner.TestNGRunnerTest">
        <test-method is-config="true" signature="setUpClass(org.testng.ITestContext)[pri:0, instance:com.test.testrunner.TestNGRunnerTest@2cb4893b]" started-at="2024-04-06T17:09:41 IST" name="setUpClass" finished-at="2024-04-06T17:09:42 IST" duration-ms="1024" status="PASS">
          <params>
            <param index="0">
              <value>
                <![CDATA[org.testng.TestRunner@1e13529a]]>
              </value>
            </param>
          </params>
          <reporter-output>
          </reporter-output>
        </test-method> <!-- setUpClass -->
        <test-method signature="runScenario(io.cucumber.testng.PickleWrapper,io.cucumber.testng.FeatureWrapper)[pri:0, instance:com.test.testrunner.TestNGRunnerTest@2cb4893b]" started-at="2024-04-06T17:09:42 IST" name="runScenario" description="Runs Cucumber Scenarios" data-provider="scenarios" finished-at="2024-04-06T17:09:59 IST" duration-ms="16510" status="PASS">
          <params>
            <param index="0">
              <value>
                <![CDATA["verify login with invalid data"]]>
              </value>
            </param>
            <param index="1">
              <value>
                <![CDATA["validate diffrent login scenarios"]]>
              </value>
            </param>
          </params>
          <reporter-output>
          </reporter-output>
        </test-method> <!-- runScenario -->
        <test-method is-config="true" signature="tearDownClass()[pri:0, instance:com.test.testrunner.TestNGRunnerTest@2cb4893b]" started-at="2024-04-06T17:09:59 IST" name="tearDownClass" finished-at="2024-04-06T17:10:04 IST" duration-ms="5327" status="PASS">
          <reporter-output>
          </reporter-output>
        </test-method> <!-- tearDownClass -->
      </class> <!-- com.test.testrunner.TestNGRunnerTest -->
    </test> <!-- Test -->
  </suite> <!-- Suite -->
</testng-results>
