<?xml version="1.0" encoding="UTF-8"?>
<testng-results ignored="0" total="1" passed="1" failed="0" skipped="0">
  <reporter-output>
  </reporter-output>
  <suite started-at="2024-04-06T17:01:50 IST" name="Default suite" finished-at="2024-04-06T17:02:05 IST" duration-ms="15208">
    <groups>
      <group name="cucumber">
        <method signature="AbstractTestNGCucumberTests.runScenario(io.cucumber.testng.PickleWrapper,io.cucumber.testng.FeatureWrapper)[pri:0, instance:com.test.testrunner.TestNGRunnerTest@68c9d179]" name="runScenario" class="io.cucumber.testng.AbstractTestNGCucumberTests"/>
      </group> <!-- cucumber -->
    </groups>
    <test started-at="2024-04-06T17:01:50 IST" name="Default test" finished-at="2024-04-06T17:02:05 IST" duration-ms="15208">
      <class name="com.test.testrunner.TestNGRunnerTest">
        <test-method is-config="true" signature="setUpClass(org.testng.ITestContext)[pri:0, instance:com.test.testrunner.TestNGRunnerTest@68c9d179]" started-at="2024-04-06T17:01:50 IST" name="setUpClass" finished-at="2024-04-06T17:01:51 IST" duration-ms="867" status="PASS">
          <params>
            <param index="0">
              <value>
                <![CDATA[org.testng.TestRunner@50ec4bfc]]>
              </value>
            </param>
          </params>
          <reporter-output>
          </reporter-output>
        </test-method> <!-- setUpClass -->
        <test-method signature="runScenario(io.cucumber.testng.PickleWrapper,io.cucumber.testng.FeatureWrapper)[pri:0, instance:com.test.testrunner.TestNGRunnerTest@68c9d179]" started-at="2024-04-06T17:01:51 IST" name="runScenario" description="Runs Cucumber Scenarios" data-provider="scenarios" finished-at="2024-04-06T17:02:00 IST" duration-ms="9213" status="PASS">
          <params>
            <param index="0">
              <value>
                <![CDATA["verify login with invalid data"]]>
              </value>
            </param>
            <param index="1">
              <value>
                <![CDATA["validate diffrent login scenarios"]]>
              </value>
            </param>
          </params>
          <reporter-output>
          </reporter-output>
        </test-method> <!-- runScenario -->
        <test-method is-config="true" signature="tearDownClass()[pri:0, instance:com.test.testrunner.TestNGRunnerTest@68c9d179]" started-at="2024-04-06T17:02:00 IST" name="tearDownClass" finished-at="2024-04-06T17:02:05 IST" duration-ms="5071" status="PASS">
          <reporter-output>
          </reporter-output>
        </test-method> <!-- tearDownClass -->
      </class> <!-- com.test.testrunner.TestNGRunnerTest -->
    </test> <!-- Default test -->
  </suite> <!-- Default suite -->
</testng-results>
