<?xml version="1.0" encoding="UTF-8"?>
<!-- Generated by org.testng.reporters.JUnitReportReporter -->
<testsuite hostname="USMUMAWANGA11" failures="1" tests="1" name="com.test.testrunner.TestNGRunnerTest" time="28.045" errors="0" timestamp="2024-04-19T18:10:49 IST" skipped="0">
  <testcase classname="com.test.testrunner.TestNGRunnerTest" name="runScenario" time="28.045">
    <failure message="
expected: &quot;Product&quot;
 but was: &quot;Products&quot;" type="java.lang.AssertionError">
      <![CDATA[java.lang.AssertionError: 
expected: "Product"
 but was: "Products"
at com.test.stepdef.Test.i_m_logged_in(Test.java:47)
at ✽.I'm logged in(file:///C:/Users/awangate/eclipse-workspace/BDDCucumbeFramework/src/test/resources/features/test.feature:24)
]]>
    </failure>
  </testcase> <!-- runScenario -->
</testsuite> <!-- com.test.testrunner.TestNGRunnerTest -->
