<?xml version="1.0" encoding="UTF-8"?>
<!-- Generated by org.testng.reporters.JUnitReportReporter -->
<testsuite hostname="USPUNAWANGA15" failures="1" tests="1" name="com.test.testrunner.FaiedTestNGRunnerTest" time="8.313" errors="0" timestamp="2024-10-24T19:41:52 IST" skipped="0">
  <testcase classname="com.test.testrunner.FaiedTestNGRunnerTest" name="runScenario" time="8.313">
    <failure message="null" type="java.lang.AssertionError">
      <![CDATA[java.lang.AssertionError: null
at org.testng.Assert.fail(Assert.java:111)
at org.testng.Assert.fail(Assert.java:116)
at com.test.stepdef.Test.iEnterUserIDAndPassword(Test.java:59)
at âœ½.I enter userID and password(file:///C:/Users/awangate/git/BDDCucumberFramework/src/test/resources/features/test.feature:20)
]]>
    </failure>
  </testcase> <!-- runScenario -->
</testsuite> <!-- com.test.testrunner.FaiedTestNGRunnerTest -->
